<?xml version="1.0" encoding="UTF-8"?>
<!-- Generated by org.testng.reporters.JUnitReportReporter -->
<testsuite skipped="0" hostname="DESKTOP-8LNE36C" name="helloworld.Testhelloworld" tests="1" failures="0" timestamp="2021-04-12T12:24:32 IST" time="0.000" errors="0">
  <testcase name="Testhello" time="0.000" classname="helloworld.Testhelloworld"/>
  <system-out/>
</testsuite> <!-- helloworld.Testhelloworld -->
